<?xml version="1.0" encoding="UTF-8"?>
<!-- Generated by org.testng.reporters.JUnitReportReporter -->
<testsuite hostname="DESKTOP-LECJ908" failures="0" tests="1" name="firsttestngpackage.FirstTestNGFile" time="33.021" errors="0" timestamp="06 Jul 2019 11:04:38 GMT" skipped="0">
  <testcase classname="firsttestngpackage.FirstTestNGFile" name="verifyHomepageTitle" time="33.021"/>
</testsuite> <!-- firsttestngpackage.FirstTestNGFile -->
